<?xml version="1.0" encoding="UTF-8"?>
<!-- Generated by org.testng.reporters.JUnitReportReporter -->
<testsuite hostname="DESKTOP-3RHQS1L" failures="0" tests="1" name="practice.testNG.testNGscreenShot" time="9.176" errors="0" timestamp="2024-05-18T15:12:56 IST" skipped="0">
  <testcase classname="practice.testNG.testNGscreenShot" name="takeScreenShot" time="9.176"/>
  <system-out/>
</testsuite> <!-- practice.testNG.testNGscreenShot -->
