<?xml version="1.0" encoding="UTF-8"?>
<!-- Generated by org.testng.reporters.JUnitReportReporter -->
<testsuite hostname="DESKTOP-3RHQS1L" failures="0" tests="1" name="practice.IntegrationTesting.CreateContactWithOrganization" time="37.043" errors="0" timestamp="2024-05-01T15:57:21 IST" skipped="0">
  <testcase classname="practice.IntegrationTesting.CreateContactWithOrganization" name="createNewContWithOrgTest" time="37.043"/>
  <system-out/>
</testsuite> <!-- practice.IntegrationTesting.CreateContactWithOrganization -->
