<?xml version="1.0" encoding="UTF-8"?>
<!-- Generated by org.testng.reporters.JUnitReportReporter -->
<testsuite hostname="DESKTOP-3RHQS1L" failures="0" tests="1" name="BasicSelenium.NavigateMethod" time="12.787" errors="0" timestamp="2024-05-19T11:47:28 IST" skipped="0">
  <testcase classname="BasicSelenium.NavigateMethod" name="navigate" time="12.787"/>
  <system-out/>
</testsuite> <!-- BasicSelenium.NavigateMethod -->
