<?xml version="1.0" encoding="UTF-8"?>
<!-- Generated by org.testng.reporters.JUnitReportReporter -->
<testsuite hostname="DESKTOP-3RHQS1L" failures="0" tests="1" name="GenericUtilities_Concepts.CreateOrganizationWithIndustriesTest" time="19.468" errors="0" timestamp="2024-04-30T12:49:04 IST" skipped="0">
  <testcase classname="GenericUtilities_Concepts.CreateOrganizationWithIndustriesTest" name="createOrgWithIndTest" time="19.468"/>
  <system-out/>
</testsuite> <!-- GenericUtilities_Concepts.CreateOrganizationWithIndustriesTest -->
