<?xml version="1.0" encoding="UTF-8"?>
<!-- Generated by org.testng.reporters.JUnitReportReporter -->
<testsuite hostname="DESKTOP-3RHQS1L" failures="0" tests="1" name="DataDrivenTesting.practice" time="7.214" errors="0" timestamp="2024-04-26T12:23:50 IST" skipped="0">
  <testcase classname="DataDrivenTesting.practice" name="sampleMethod" time="7.214"/>
  <system-out/>
</testsuite> <!-- DataDrivenTesting.practice -->
