<?xml version="1.0" encoding="UTF-8"?>
<!-- Generated by org.testng.reporters.JUnitReportReporter -->
<testsuite hostname="DESKTOP-3RHQS1L" failures="0" tests="3" name="practice.testNG.SampleTest" time="0.019" errors="0" timestamp="2024-05-08T10:51:24 IST" skipped="0">
  <testcase classname="practice.testNG.SampleTest" name="test1" time="0.002"/>
  <system-out/>
  <testcase classname="practice.testNG.SampleTest" name="CreateContTest" time="0.014"/>
  <system-out/>
  <testcase classname="practice.testNG.SampleTest" name="accessSpecifierTest" time="0.003"/>
  <system-out/>
</testsuite> <!-- practice.testNG.SampleTest -->
