<?xml version="1.0" encoding="UTF-8"?>
<!-- Generated by org.testng.reporters.JUnitReportReporter -->
<testsuite hostname="DESKTOP-3RHQS1L" failures="0" tests="1" name="practice.OrgTest.CreateOrganizationTest" time="23.632" errors="0" timestamp="2024-04-30T14:17:04 IST" skipped="0">
  <testcase classname="practice.OrgTest.CreateOrganizationTest" name="createOrgTest" time="23.632"/>
  <system-out/>
</testsuite> <!-- practice.OrgTest.CreateOrganizationTest -->
