<?xml version="1.0" encoding="UTF-8"?>
<!-- Generated by org.testng.reporters.JUnitReportReporter -->
<testsuite hostname="DESKTOP-3RHQS1L" failures="0" tests="1" name="practice.testNG.ExtentReportSample" time="0.669" errors="0" timestamp="2024-05-19T17:33:52 IST" skipped="0">
  <testcase classname="practice.testNG.ExtentReportSample" name="createContactTest" time="0.669"/>
  <system-out/>
</testsuite> <!-- practice.testNG.ExtentReportSample -->
