<?xml version="1.0" encoding="UTF-8"?>
<!-- Generated by org.testng.reporters.JUnitReportReporter -->
<testsuite hostname="DESKTOP-3RHQS1L" failures="0" tests="1" name="practice.testNG.ExtentReportAttachingScreenshot" time="19.477" errors="0" timestamp="2024-05-20T10:07:28 IST" skipped="0">
  <testcase classname="practice.testNG.ExtentReportAttachingScreenshot" name="createContact" time="19.477"/>
  <system-out/>
</testsuite> <!-- practice.testNG.ExtentReportAttachingScreenshot -->
