<?xml version="1.0" encoding="UTF-8"?>
<!-- Generated by org.testng.reporters.JUnitReportReporter -->
<testsuite hostname="DESKTOP-3RHQS1L" failures="0" tests="2" name="practiceParallelMethodsExecution.parallelMethTest" time="0.028" errors="0" timestamp="2024-05-17T14:13:11 IST" skipped="0">
  <testcase classname="practiceParallelMethodsExecution.parallelMethTest" name="method2" time="0.014"/>
  <system-out/>
  <testcase classname="practiceParallelMethodsExecution.parallelMethTest" name="method1" time="0.014"/>
  <system-out/>
</testsuite> <!-- practiceParallelMethodsExecution.parallelMethTest -->
