<?xml version="1.0" encoding="UTF-8"?>
<!-- Generated by org.testng.reporters.JUnitReportReporter -->
<testsuite hostname="DESKTOP-3RHQS1L" failures="0" tests="1" name="practice.Prod.test.CreateProductTest" time="24.406" errors="0" timestamp="2024-05-01T10:31:01 IST" skipped="0">
  <testcase classname="practice.Prod.test.CreateProductTest" name="createNewProdTest" time="24.406"/>
  <system-out/>
</testsuite> <!-- practice.Prod.test.CreateProductTest -->
