<?xml version="1.0" encoding="UTF-8"?>
<!-- Generated by org.testng.reporters.JUnitReportReporter -->
<testsuite hostname="DESKTOP-3RHQS1L" failures="0" tests="1" name="GenericUtilities_Concepts.CreateOrganizationWithPhoneNumber" time="18.975" errors="0" timestamp="2024-04-30T13:11:55 IST" skipped="0">
  <testcase classname="GenericUtilities_Concepts.CreateOrganizationWithPhoneNumber" name="createOrgWithPhNoTest" time="18.975"/>
  <system-out/>
</testsuite> <!-- GenericUtilities_Concepts.CreateOrganizationWithPhoneNumber -->
