<?xml version="1.0" encoding="UTF-8"?>
<!-- Generated by org.testng.reporters.JUnitReportReporter -->
<testsuite hostname="DESKTOP-3RHQS1L" failures="0" tests="1" name="practice.testNG.testNGConfigAnnotationsOrderOFExe" time="0.006" errors="0" timestamp="2024-05-08T16:43:05 IST" skipped="0">
  <testcase classname="practice.testNG.testNGConfigAnnotationsOrderOFExe" name="method1Test" time="0.006"/>
  <system-out/>
</testsuite> <!-- practice.testNG.testNGConfigAnnotationsOrderOFExe -->
