<?xml version="1.0" encoding="UTF-8"?>
<!-- Generated by org.testng.reporters.JUnitReportReporter -->
<testsuite hostname="DESKTOP-3RHQS1L" failures="0" tests="1" name="practice.ContactTest.CreateContactTest" time="24.880" errors="0" timestamp="2024-04-30T15:30:59 IST" skipped="0">
  <testcase classname="practice.ContactTest.CreateContactTest" name="createOrgTest" time="24.880"/>
  <system-out/>
</testsuite> <!-- practice.ContactTest.CreateContactTest -->
