<?xml version="1.0" encoding="UTF-8"?>
<!-- Generated by org.testng.reporters.JUnitReportReporter -->
<testsuite hostname="DESKTOP-3RHQS1L" failures="0" tests="1" name="practice.testNG.demo" time="0.692" errors="0" timestamp="2024-05-11T13:27:51 IST" skipped="0">
  <testcase classname="practice.testNG.demo" name="dpTest" time="0.692"/>
  <system-out/>
</testsuite> <!-- practice.testNG.demo -->
