<?xml version="1.0" encoding="UTF-8"?>
<!-- Generated by org.testng.reporters.JUnitReportReporter -->
<testsuite hostname="DESKTOP-3RHQS1L" failures="0" tests="1" name="ExceptionHandling.HandlingStaleElementReferenceException" time="10.449" errors="0" timestamp="2024-05-06T10:27:04 IST" skipped="0">
  <testcase classname="ExceptionHandling.HandlingStaleElementReferenceException" name="sampleTestPOM" time="10.449"/>
  <system-out/>
</testsuite> <!-- ExceptionHandling.HandlingStaleElementReferenceException -->
