<?xml version="1.0" encoding="UTF-8"?>
<!-- Generated by org.testng.reporters.JUnitReportReporter -->
<testsuite hostname="DESKTOP-3RHQS1L" failures="0" tests="1" name="practice.testNG.testNGgetProductInfoTest" time="36.095" errors="0" timestamp="2024-05-08T15:00:59 IST" skipped="0">
  <testcase classname="practice.testNG.testNGgetProductInfoTest" name="getProductInfo" time="36.095"/>
  <system-out/>
</testsuite> <!-- practice.testNG.testNGgetProductInfoTest -->
