<?xml version="1.0" encoding="UTF-8"?>
<!-- Generated by org.testng.reporters.JUnitReportReporter -->
<testsuite hostname="DESKTOP-3RHQS1L" failures="0" tests="1" name="DataDrivenTesting.ReadDataFromTestNGXmlTest" time="42.972" errors="0" timestamp="2024-05-17T10:19:11 IST" skipped="0">
  <testcase classname="DataDrivenTesting.ReadDataFromTestNGXmlTest" name="sampleTest" time="42.972"/>
  <system-out/>
</testsuite> <!-- DataDrivenTesting.ReadDataFromTestNGXmlTest -->
