<?xml version="1.0" encoding="UTF-8"?>
<!-- Generated by org.testng.reporters.JUnitReportReporter -->
<testsuite hostname="DESKTOP-3RHQS1L" failures="0" tests="2" name="practice.testNG.testNGEnableDisable" time="0.014" errors="0" timestamp="2024-05-08T13:16:54 IST" skipped="1">
  <testcase classname="practice.testNG.testNGEnableDisable" name="BillingAnOrderTest" time="0.014"/>
  <system-out/>
  <testcase classname="practice.testNG.testNGEnableDisable" name="createOrderTest">
    <skipped/>
  </testcase> <!-- createOrderTest -->
  <system-out/>
</testsuite> <!-- practice.testNG.testNGEnableDisable -->
