<?xml version="1.0" encoding="UTF-8"?>
<!-- Generated by org.testng.reporters.JUnitReportReporter -->
<testsuite hostname="DESKTOP-3RHQS1L" failures="0" tests="4" name="practice.testNG.tstNGPriority" time="0.005" errors="0" timestamp="2024-05-18T15:12:56 IST" skipped="0">
  <testcase classname="practice.testNG.tstNGPriority" name="testSample3" time="0.001"/>
  <system-out/>
  <testcase classname="practice.testNG.tstNGPriority" name="testSample2" time="0.002"/>
  <system-out/>
  <testcase classname="practice.testNG.tstNGPriority" name="testSample1" time="0.002"/>
  <system-out/>
  <testcase classname="practice.testNG.tstNGPriority" name="testSample4" time="0.000"/>
  <system-out/>
</testsuite> <!-- practice.testNG.tstNGPriority -->
