<?xml version="1.0" encoding="UTF-8"?>
<!-- Generated by org.testng.reporters.JUnitReportReporter -->
<testsuite hostname="DESKTOP-3RHQS1L" failures="0" tests="1" name="practice.ContactTest.CreateContactWithSupportDateTest" time="24.378" errors="0" timestamp="2024-05-01T13:45:16 IST" skipped="0">
  <testcase classname="practice.ContactTest.CreateContactWithSupportDateTest" name="createNewContWithSuppTest" time="24.378"/>
  <system-out/>
</testsuite> <!-- practice.ContactTest.CreateContactWithSupportDateTest -->
