<?xml version="1.0" encoding="UTF-8"?>
<!-- Generated by org.testng.reporters.JUnitReportReporter -->
<testsuite hostname="DESKTOP-3RHQS1L" failures="0" tests="4" name="practice.testNG.DataProviderDemo" time="0.009" errors="0" timestamp="2024-05-11T15:21:16 IST" skipped="0">
  <testcase classname="practice.testNG.DataProviderDemo" name="demoDataProvider" time="0.002"/>
  <system-out/>
  <testcase classname="practice.testNG.DataProviderDemo" name="demoDataProvider" time="0.005"/>
  <system-out/>
  <testcase classname="practice.testNG.DataProviderDemo" name="demoDataProvider" time="0.001"/>
  <system-out/>
  <testcase classname="practice.testNG.DataProviderDemo" name="demoDataProvider" time="0.001"/>
  <system-out/>
</testsuite> <!-- practice.testNG.DataProviderDemo -->
