<?xml version="1.0" encoding="UTF-8"?>
<!-- Generated by org.testng.reporters.JUnitReportReporter -->
<testsuite hostname="DESKTOP-3RHQS1L" failures="0" tests="2" name="practiceParallelMethodsExecution.parallelMethTest2" time="0.029" errors="0" timestamp="2024-05-17T14:13:11 IST" skipped="0">
  <testcase classname="practiceParallelMethodsExecution.parallelMethTest2" name="method4" time="0.014"/>
  <system-out/>
  <testcase classname="practiceParallelMethodsExecution.parallelMethTest2" name="method3" time="0.015"/>
  <system-out/>
</testsuite> <!-- practiceParallelMethodsExecution.parallelMethTest2 -->
