<?xml version="1.0" encoding="UTF-8"?>
<!-- Generated by org.testng.reporters.JUnitReportReporter -->
<testsuite hostname="DESKTOP-3RHQS1L" failures="0" tests="2" name="practice.testNG.testNGDataProviderGetProductInfoTest" time="52.641" errors="0" timestamp="2024-05-08T15:18:40 IST" skipped="0">
  <testcase classname="practice.testNG.testNGDataProviderGetProductInfoTest" name="getProductInfo" time="15.550"/>
  <system-out/>
  <testcase classname="practice.testNG.testNGDataProviderGetProductInfoTest" name="getProductInfo" time="37.091"/>
  <system-out/>
</testsuite> <!-- practice.testNG.testNGDataProviderGetProductInfoTest -->
