<?xml version="1.0" encoding="UTF-8"?>
<!-- Generated by org.testng.reporters.JUnitReportReporter -->
<testsuite hostname="DESKTOP-3RHQS1L" failures="0" tests="3" name="practice.testNG.testNGDataProvider" time="0.009" errors="0" timestamp="2024-05-08T13:26:39 IST" skipped="0">
  <testcase classname="practice.testNG.testNGDataProvider" name="createContactTest" time="0.002"/>
  <system-out/>
  <testcase classname="practice.testNG.testNGDataProvider" name="createContactTest" time="0.001"/>
  <system-out/>
  <testcase classname="practice.testNG.testNGDataProvider" name="createContactTest" time="0.006"/>
  <system-out/>
</testsuite> <!-- practice.testNG.testNGDataProvider -->
