<?xml version="1.0" encoding="UTF-8"?>
<!-- Generated by org.testng.reporters.JUnitReportReporter -->
<testsuite hostname="DESKTOP-3RHQS1L" failures="0" tests="5" name="practice.testNG.testNGInvocationCount" time="0.027" errors="0" timestamp="2024-05-08T12:27:47 IST" skipped="0">
  <testcase classname="practice.testNG.testNGInvocationCount" name="createOrderTest" time="0.002"/>
  <system-out/>
  <testcase classname="practice.testNG.testNGInvocationCount" name="createOrderTest" time="0.021"/>
  <system-out/>
  <testcase classname="practice.testNG.testNGInvocationCount" name="createOrderTest" time="0.001"/>
  <system-out/>
  <testcase classname="practice.testNG.testNGInvocationCount" name="createOrderTest" time="0.002"/>
  <system-out/>
  <testcase classname="practice.testNG.testNGInvocationCount" name="createOrderTest" time="0.001"/>
  <system-out/>
</testsuite> <!-- practice.testNG.testNGInvocationCount -->
