<?xml version="1.0" encoding="UTF-8"?>
<!-- Generated by org.testng.reporters.JUnitReportReporter -->
<testsuite hostname="DESKTOP-3RHQS1L" failures="0" tests="3" name="practice.testNG.ExtentReportWithConfigAnnotations" time="0.323" errors="0" timestamp="2024-05-20T09:47:26 IST" skipped="0">
  <testcase classname="practice.testNG.ExtentReportWithConfigAnnotations" name="createContact" time="0.290"/>
  <system-out/>
  <testcase classname="practice.testNG.ExtentReportWithConfigAnnotations" name="createContactwithOrg" time="0.017"/>
  <system-out/>
  <testcase classname="practice.testNG.ExtentReportWithConfigAnnotations" name="createContactwithType" time="0.016"/>
  <system-out/>
</testsuite> <!-- practice.testNG.ExtentReportWithConfigAnnotations -->
