<?xml version="1.0" encoding="UTF-8"?>
<!-- Generated by org.testng.reporters.JUnitReportReporter -->
<testsuite hostname="DESKTOP-3RHQS1L" failures="0" tests="1" name="mavenConcepts.mavenDemoTest" time="23.919" errors="0" timestamp="2024-04-26T09:41:01 IST" skipped="0">
  <testcase classname="mavenConcepts.mavenDemoTest" name="display" time="23.919"/>
  <system-out/>
</testsuite> <!-- mavenConcepts.mavenDemoTest -->
